/*C2*/SET SCHEMA PUBLIC
DELETE FROM "mendixsystem$version" WHERE "versionnumber"='4.2'
INSERT INTO "mendixsystem$version" VALUES('4.2','2021-08-24 15:33:36.101000','4.1.0','unversioned','TreeView','9.4.0.24572')
COMMIT
DELETE FROM "system$user" WHERE "id"=844424930133969
INSERT INTO "system$user" VALUES(844424930133969,'2021-08-24 13:32:07.841000',TRUE,'2021-08-24 13:32:07.841000',NULL,FALSE,FALSE,0,FALSE,'MxAdmin','{BCrypt}$2a$10$6ZisaWruSZE.qMtawavux.bX1GILDMwR3gdHO11o95e3aIrSUEYSO','System.User',NULL,844424930133969)
COMMIT
/*C3*/SET SCHEMA PUBLIC
DELETE FROM "mendixsystem$entityidentifier" WHERE "id"='d4154981-8dac-4150-aec5-efa3ef62a7a2'
INSERT INTO "mendixsystem$entityidentifier" VALUES('d4154981-8dac-4150-aec5-efa3ef62a7a2',5,2301)
COMMIT
INSERT INTO "system$xasinstance" VALUES(1407374883555481,'7b8d4493-2a45-44e4-a926-111fe2ca7c91','2021-08-24 14:13:07.628000','2021-08-24 14:13:07.629000',NULL,NULL,NULL)
COMMIT
DELETE FROM "system$userrole" WHERE "id"=4785074604081153
INSERT INTO "system$userrole" VALUES(4785074604081153,'8dd52bfa-6d7e-453b-b506-303c0a3d9567','','Administrator')
DELETE FROM "system$userrole" WHERE "id"=4785074604081154
INSERT INTO "system$userrole" VALUES(4785074604081154,'53f5d6fa-6da9-4a71-b011-454ec052cce8','','User')
COMMIT
DELETE FROM "mendixsystem$properties" WHERE "key"='Mendix.Runtime.DeploymentID'
INSERT INTO "mendixsystem$properties" VALUES('Mendix.Runtime.DeploymentID','637654111519650060')
COMMIT
DELETE FROM "system$session" WHERE "id"=11540474045138997
DELETE FROM "system$session_user" WHERE "system$sessionid"=11540474045138997 AND "system$userid"=844424930134069
COMMIT
/*C7*/SET SCHEMA PUBLIC
DELETE FROM "system$xasinstance" WHERE "id"=1407374883555481
INSERT INTO "system$xasinstance" VALUES(1407374883555481,'7b8d4493-2a45-44e4-a926-111fe2ca7c91','2021-08-24 14:13:07.628000','2021-08-24 14:13:09.114000',NULL,NULL,NULL)
COMMIT
DELETE FROM "mendixsystem$entityidentifier" WHERE "id"='282e2e60-88a5-469d-84a5-ba8d9151644f'
INSERT INTO "mendixsystem$entityidentifier" VALUES('282e2e60-88a5-469d-84a5-ba8d9151644f',3,2301)
COMMIT
INSERT INTO "system$user" VALUES(844424930134169,'2021-08-24 14:13:22.195000',TRUE,'2021-08-24 14:13:22.195000','2021-08-24 14:13:22.271000',FALSE,TRUE,0,FALSE,'Anonymous_a5c8cb08-fcba-4b08-a166-033037be56c6','{BCrypt}$2a$10$LaX78wJmECAeVH5LMLRw6eiWQJ4AKabrcf9poy9f8v8U2m5HpRfRm','System.User',NULL,844424930134169)
INSERT INTO "system$userroles" VALUES(844424930134169,4785074604081154)
INSERT INTO "system$user_language" VALUES(844424930134169,12947848928690177)
COMMIT
DELETE FROM "system$user" WHERE "id"=844424930134169
INSERT INTO "system$user" VALUES(844424930134169,'2021-08-24 14:13:22.195000',TRUE,'2021-08-24 14:13:22.195000','2021-08-24 14:13:22.311000',FALSE,TRUE,0,FALSE,'Anonymous_a5c8cb08-fcba-4b08-a166-033037be56c6','{BCrypt}$2a$10$LaX78wJmECAeVH5LMLRw6eiWQJ4AKabrcf9poy9f8v8U2m5HpRfRm','System.User',NULL,844424930134169)
COMMIT
DELETE FROM "mendixsystem$entityidentifier" WHERE "id"='37f9fd49-5318-4c63-9a51-f761779b202f'
INSERT INTO "mendixsystem$entityidentifier" VALUES('37f9fd49-5318-4c63-9a51-f761779b202f',41,2301)
COMMIT
INSERT INTO "system$session" VALUES(11540474045139097,NULL,'a4aa720c-02ab-4e3c-8c3e-ad9b00569da2','2021-08-24 14:13:22.354000','c5a308fd-f6b9-4457-b830-ea09cdbbca2d','2021-08-24 14:13:22.355000',FALSE,'629a946d-075d-41da-9c0d-eae55b485fc1')
INSERT INTO "system$session_user" VALUES(11540474045139097,844424930134169)
COMMIT
DELETE FROM "system$session" WHERE "id"=11540474045139097
INSERT INTO "system$session" VALUES(11540474045139097,NULL,'a4aa720c-02ab-4e3c-8c3e-ad9b00569da2','2021-08-24 14:13:22.354000','c5a308fd-f6b9-4457-b830-ea09cdbbca2d','2021-08-24 14:13:22.367000',FALSE,'629a946d-075d-41da-9c0d-eae55b485fc1')
COMMIT
/*C9*/SET SCHEMA PUBLIC
DELETE FROM "system$session" WHERE "id"=11540474045139097
INSERT INTO "system$session" VALUES(11540474045139097,NULL,'a4aa720c-02ab-4e3c-8c3e-ad9b00569da2','2021-08-24 14:13:22.354000','c5a308fd-f6b9-4457-b830-ea09cdbbca2d','2021-08-24 14:13:25.187000',FALSE,'629a946d-075d-41da-9c0d-eae55b485fc1')
COMMIT
/*C6*/SET SCHEMA PUBLIC
DELETE FROM "system$session" WHERE "id"=11540474045139097
INSERT INTO "system$session" VALUES(11540474045139097,NULL,'a4aa720c-02ab-4e3c-8c3e-ad9b00569da2','2021-08-24 14:13:22.354000','c5a308fd-f6b9-4457-b830-ea09cdbbca2d','2021-08-24 14:13:28.065000',FALSE,'629a946d-075d-41da-9c0d-eae55b485fc1')
COMMIT
/*C7*/DELETE FROM "system$session" WHERE "id"=11540474045139097
INSERT INTO "system$session" VALUES(11540474045139097,NULL,'a4aa720c-02ab-4e3c-8c3e-ad9b00569da2','2021-08-24 14:13:22.354000','c5a308fd-f6b9-4457-b830-ea09cdbbca2d','2021-08-24 14:13:30.459000',FALSE,'629a946d-075d-41da-9c0d-eae55b485fc1')
COMMIT
